<?xml version="1.0" encoding="UTF-8"?>
<!-- Generated by org.testng.reporters.JUnitReportReporter -->
<testsuite hostname="QSP" failures="0" tests="1" name="testng.Testcase1" time="17.460" errors="0" timestamp="2022-02-08T09:31:26 IST" skipped="0">
  <testcase classname="testng.Testcase1" name="tc1" time="17.460"/>
</testsuite> <!-- testng.Testcase1 -->
