<?xml version="1.0" encoding="UTF-8"?>
<!-- Generated by org.testng.reporters.JUnitReportReporter -->
<testsuite hostname="QSP" failures="0" tests="5" name="testng.Test1" time="0.031" errors="0" timestamp="2022-02-07T09:18:50 IST" skipped="1">
  <testcase classname="testng.Test1" name="chats" time="0.022"/>
  <testcase classname="testng.Test1" name="calls" time="0.002"/>
  <testcase classname="testng.Test1" name="calls" time="0.004"/>
  <testcase classname="testng.Test1" name="calls" time="0.003"/>
  <testcase classname="testng.Test1" name="status">
    <skipped/>
  </testcase> <!-- status -->
</testsuite> <!-- testng.Test1 -->
