<?xml version="1.0" encoding="UTF-8"?>
<!-- Generated by org.testng.reporters.JUnitReportReporter -->
<testsuite hostname="QSP" failures="0" tests="3" name="testng.Parallel" time="104.679" errors="0" timestamp="2022-02-08T08:50:15 IST" skipped="0">
  <testcase classname="testng.Parallel" name="demo" time="30.280"/>
  <testcase classname="testng.Parallel" name="demo" time="44.880"/>
  <testcase classname="testng.Parallel" name="demo" time="29.519"/>
</testsuite> <!-- testng.Parallel -->
