<?xml version="1.0" encoding="UTF-8"?>
<!-- Generated by org.testng.reporters.JUnitReportReporter -->
<testsuite hostname="QSP" failures="0" tests="1" name="testng.Testcase2" time="12.594" errors="0" timestamp="2022-02-07T09:54:35 IST" skipped="0">
  <testcase classname="testng.Testcase2" name="tc2" time="12.594"/>
</testsuite> <!-- testng.Testcase2 -->
