<?xml version="1.0" encoding="UTF-8"?>
<!-- Generated by org.testng.reporters.JUnitReportReporter -->
<testsuite hostname="QSP" failures="0" tests="1" name="testng.Testcase3" time="21.033" errors="0" timestamp="2022-02-08T09:27:11 IST" skipped="0">
  <testcase classname="testng.Testcase3" name="tc3" time="21.033"/>
</testsuite> <!-- testng.Testcase3 -->
