<?xml version="1.0" encoding="UTF-8"?>
<!-- Generated by org.testng.reporters.JUnitReportReporter -->
<testsuite hostname="QSP" failures="0" tests="5" name="testng.Test2" time="0.061" errors="0" timestamp="2022-02-07T09:15:40 IST" skipped="0">
  <testcase classname="testng.Test2" name="demo" time="0.007"/>
  <testcase classname="testng.Test2" name="demo" time="0.003"/>
  <testcase classname="testng.Test2" name="demo" time="0.005"/>
  <testcase classname="testng.Test2" name="demo" time="0.044"/>
  <testcase classname="testng.Test2" name="demo" time="0.002"/>
</testsuite> <!-- testng.Test2 -->
